<?xml version="1.0" encoding="UTF-8"?>
<!-- Generated by org.testng.reporters.JUnitReportReporter -->
<testsuite hostname="Afra_anjum-PC" failures="0" tests="1" name="AllTestCases.TC_102_HeaderMenu_TestCase" time="0.077" errors="0" timestamp="28 Dec 2022 06:49:11 GMT" skipped="0">
  <testcase classname="AllTestCases.TC_102_HeaderMenu_TestCase" name="HeaderMenuCheck" time="0.077"/>
</testsuite> <!-- AllTestCases.TC_102_HeaderMenu_TestCase -->
