<?xml version="1.0" encoding="UTF-8"?>
<!-- Generated by org.testng.reporters.JUnitReportReporter -->
<testsuite skipped="0" hostname="Afra_anjum-PC" name="AllTestCases.TC_101_GetUrl_TestCase" tests="1" failures="0" timestamp="03 Nov 2022 07:22:28 GMT" time="0.323" errors="0">
  <testcase name="FindUrl" time="0.323" classname="AllTestCases.TC_101_GetUrl_TestCase"/>
</testsuite> <!-- AllTestCases.TC_101_GetUrl_TestCase -->
