<?xml version="1.0" encoding="UTF-8"?>
<!-- Generated by org.testng.reporters.JUnitReportReporter -->
<testsuite hostname="Afra_anjum-PC" failures="0" tests="1" name="AllTestCases.TC_101_GetHomePage_TestCase" time="0.278" errors="0" timestamp="28 Dec 2022 06:49:11 GMT" skipped="0">
  <testcase classname="AllTestCases.TC_101_GetHomePage_TestCase" name="FindHomePage" time="0.278"/>
</testsuite> <!-- AllTestCases.TC_101_GetHomePage_TestCase -->
